<?xml version="1.0" encoding="UTF-8"?>
<!-- Generated by org.testng.reporters.JUnitXMLReporter -->
<testsuite hostname="DESKTOP-4DQJIIJ" ignored="1" name="Default test" tests="1" failures="0" timestamp="29 Dec 2017 11:17:57 GMT" time="0.037" errors="0">
  <testcase name="@BeforeTest InvokeBrowser" time="0.0" classname="Browser_Invocation.Browser_Invoke">
    <failure type="org.testng.TestNGException" message="
Parameter &amp;apos;Browsername&amp;apos; is required by BeforeTest on method InvokeBrowser but has not been marked @Optional or defined
in C:\Users\Millennium_User_27\AppData\Local\Temp\testng-eclipse-1010591489\testng-customsuite.xml">
      <![CDATA[org.testng.TestNGException: 
Parameter 'Browsername' is required by BeforeTest on method InvokeBrowser but has not been marked @Optional or defined
in C:\Users\Millennium_User_27\AppData\Local\Temp\testng-eclipse-1010591489\testng-customsuite.xml
	at org.testng.internal.Parameters.createParameters(Parameters.java:199)
	at org.testng.internal.Parameters.createParameters(Parameters.java:443)
	at org.testng.internal.Parameters.createConfigurationParameters(Parameters.java:118)
	at org.testng.internal.Invoker.invokeConfigurations(Invoker.java:206)
	at org.testng.internal.Invoker.invokeConfigurations(Invoker.java:146)
	at org.testng.TestRunner.beforeRun(TestRunner.java:626)
	at org.testng.TestRunner.run(TestRunner.java:594)
	at org.testng.SuiteRunner.runTest(SuiteRunner.java:380)
	at org.testng.SuiteRunner.runSequentially(SuiteRunner.java:375)
	at org.testng.SuiteRunner.privateRun(SuiteRunner.java:340)
	at org.testng.SuiteRunner.run(SuiteRunner.java:289)
	at org.testng.SuiteRunnerWorker.runSuite(SuiteRunnerWorker.java:52)
	at org.testng.SuiteRunnerWorker.run(SuiteRunnerWorker.java:86)
	at org.testng.TestNG.runSuitesSequentially(TestNG.java:1301)
	at org.testng.TestNG.runSuitesLocally(TestNG.java:1226)
	at org.testng.TestNG.runSuites(TestNG.java:1144)
	at org.testng.TestNG.run(TestNG.java:1115)
	at org.testng.remote.AbstractRemoteTestNG.run(AbstractRemoteTestNG.java:132)
	at org.testng.remote.RemoteTestNG.initAndRun(RemoteTestNG.java:230)
	at org.testng.remote.RemoteTestNG.main(RemoteTestNG.java:76)
]]>
    </failure>
  </testcase> <!-- @BeforeTest InvokeBrowser -->
  <testcase name="@AfterTest teardown" time="0.0" classname="Browser_Invocation.Browser_Invoke">
    <skipped/>
  </testcase> <!-- @AfterTest teardown -->
  <testcase name="Filter_Login" time="0.0" classname="Filter_By_Retailer_TestCase.Filter_By_Retailer">
    <skipped/>
  </testcase> <!-- Filter_Login -->
  <testcase name="Filter_By_Diamond_TestCase" time="0.0" classname="Filter_By_Retailer_TestCase.Filter_By_Retailer">
    <ignored/>
  </testcase> <!-- Filter_By_Diamond_TestCase -->
</testsuite> <!-- Default test -->
